  [4;36;1mSQL (0.4ms)[0m   [0;1m SELECT name
 FROM sqlite_master
 WHERE type = 'table' AND NOT name = 'sqlite_sequence'
[0m
  [4;35;1mSQL (0.1ms)[0m   [0mselect sqlite_version(*)[0m
  [4;36;1mSQL (2.1ms)[0m   [0;1mCREATE TABLE "schema_migrations" ("version" varchar(255) NOT NULL) [0m
  [4;35;1mSQL (1.5ms)[0m   [0mCREATE UNIQUE INDEX "unique_schema_migrations" ON "schema_migrations" ("version")[0m
  [4;36;1mSQL (0.1ms)[0m   [0;1m SELECT name
 FROM sqlite_master
 WHERE type = 'table' AND NOT name = 'sqlite_sequence'
[0m
  [4;35;1mSQL (0.1ms)[0m   [0mSELECT version FROM schema_migrations[0m
Migrating to AddSound (20120607211738)
  [4;36;1mSQL (0.4ms)[0m   [0;1mCREATE TABLE "sounds" ("id" INTEGER PRIMARY KEY AUTOINCREMENT NOT NULL, "path" varchar(255), "label" varchar(255), "created_at" datetime, "updated_at" datetime) [0m
  [4;35;1mSQL (0.1ms)[0m   [0mINSERT INTO schema_migrations (version) VALUES ('20120607211738')[0m
Migrating to AddFileName (20120607212159)
  [4;36;1mSQL (0.3ms)[0m   [0;1mALTER TABLE "sounds" ADD "filename" varchar(255)[0m
  [4;35;1mSQL (0.1ms)[0m   [0mINSERT INTO schema_migrations (version) VALUES ('20120607212159')[0m
Migrating to AddAudioDirectory (20120608135413)
  [4;36;1mSQL (0.7ms)[0m   [0;1mINSERT INTO schema_migrations (version) VALUES ('20120608135413')[0m
Migrating to AddPhrase (20120608140129)
  [4;35;1mSQL (0.4ms)[0m   [0mCREATE TABLE "phrases" ("id" INTEGER PRIMARY KEY AUTOINCREMENT NOT NULL, "phrase" varchar(255), "voice" varchar(255), "label" varchar(255), "created_at" datetime, "updated_at" datetime) [0m
  [4;36;1mSQL (0.1ms)[0m   [0;1mINSERT INTO schema_migrations (version) VALUES ('20120608140129')[0m
Migrating to AddDelayedJobs (20120608194041)
  [4;35;1mSQL (0.2ms)[0m   [0m SELECT name
 FROM sqlite_master
 WHERE type = 'table' AND NOT name = 'sqlite_sequence'
[0m
  [4;36;1mSQL (0.8ms)[0m   [0;1mCREATE TABLE "delayed_jobs" ("id" INTEGER PRIMARY KEY AUTOINCREMENT NOT NULL, "priority" integer DEFAULT 0, "attempts" integer DEFAULT 0, "handler" text, "last_error" text, "run_at" datetime, "locked_at" datetime, "failed_at" datetime, "locked_by" varchar(255), "created_at" datetime, "updated_at" datetime) [0m
  [4;35;1mSQL (0.2ms)[0m   [0mINSERT INTO schema_migrations (version) VALUES ('20120608194041')[0m
  [4;36;1mSQL (0.2ms)[0m   [0;1m SELECT name
 FROM sqlite_master
 WHERE type = 'table' AND NOT name = 'sqlite_sequence'
[0m
  [4;35;1mSQL (0.1ms)[0m   [0mSELECT version FROM schema_migrations[0m
  [4;36;1mSQL (0.1ms)[0m   [0;1m SELECT name
 FROM sqlite_master
 WHERE type = 'table' AND NOT name = 'sqlite_sequence'
[0m
  [4;35;1mSQL (0.0ms)[0m   [0mPRAGMA index_list("delayed_jobs")[0m
  [4;36;1mSQL (0.0ms)[0m   [0;1mPRAGMA index_list("phrases")[0m
  [4;35;1mSQL (0.0ms)[0m   [0mPRAGMA index_list("sounds")[0m


Processing ApplicationController#index (for 192.168.170.185 at 2012-06-11 13:20:05) [GET]
Rendering template within layouts/application
Rendering application/index
  [4;36;1mSound Load (0.8ms)[0m   [0;1mSELECT * FROM "sounds" [0m
  [4;35;1mPhrase Load (0.2ms)[0m   [0mSELECT * FROM "phrases" [0m
Completed in 35ms (View: 32, DB: 1) | 200 OK [http://scary/]


Processing ApplicationController#learn (for 192.168.170.185 at 2012-06-11 13:20:22) [POST]
  Parameters: {"label"=>"rawrbot", "submit"=>"Repeat after me", "phrase"=>"testing rawr box", "voice"=>"default"}
  [4;36;1mPhrase Create (0.5ms)[0m   [0;1mINSERT INTO "phrases" ("label", "created_at", "phrase", "updated_at", "voice") VALUES('rawrbot', '2012-06-11 18:20:22', 'testing rawr box', '2012-06-11 18:20:22', 'default')[0m
Redirected to http://scary/
Completed in 72ms (DB: 0) | 302 Found [http://scary/learn]


Processing ApplicationController#index (for 192.168.170.185 at 2012-06-11 13:20:22) [GET]
Rendering template within layouts/application
Rendering application/index
  [4;35;1mSound Load (0.4ms)[0m   [0mSELECT * FROM "sounds" [0m
  [4;36;1mPhrase Load (0.2ms)[0m   [0;1mSELECT * FROM "phrases" [0m
Completed in 12ms (View: 10, DB: 1) | 200 OK [http://scary/]


Processing ApplicationController#say (for 192.168.170.185 at 2012-06-11 13:20:24) [POST]
  Parameters: {"id"=>"1"}
  [4;35;1mPhrase Load (0.2ms)[0m   [0mSELECT * FROM "phrases" WHERE ("phrases"."id" = '1') LIMIT 1[0m
  [4;36;1mDelayed::Backend::ActiveRecord::Job Create (0.4ms)[0m   [0;1mINSERT INTO "delayed_jobs" ("failed_at", "locked_by", "created_at", "handler", "updated_at", "priority", "run_at", "attempts", "locked_at", "last_error") VALUES(NULL, NULL, '2012-06-11 18:20:24', '--- !ruby/struct:Delayed::PerformableMethod 
object: LOAD;Phrase;1
method: :play
args: []

', '2012-06-11 18:20:24', 0, '2012-06-11 18:20:24', 0, NULL, NULL)[0m
Completed in 52ms (View: 1, DB: 1) | 200 OK [http://scary/application/say/1]
  [4;36;1mDelayed::Backend::ActiveRecord::Job Update (2.1ms)[0m   [0;1mUPDATE "delayed_jobs" SET locked_at = '2012-06-11 18:20:26', locked_by = 'delayed_job host:scary.spice.spiceworks.com pid:43787' WHERE (id = 1 and (locked_at is null or locked_at < '2012-06-11 14:20:26') and (run_at <= '2012-06-11 18:20:26')) [0m
  [4;35;1mPhrase Load (0.2ms)[0m   [0mSELECT * FROM "phrases" WHERE ("phrases"."id" = 1) [0m
  [4;36;1mDelayed::Backend::ActiveRecord::Job Destroy (0.4ms)[0m   [0;1mDELETE FROM "delayed_jobs" WHERE "id" = 1[0m


Processing ApplicationController#forget (for 192.168.170.185 at 2012-06-11 13:20:30) [POST]
  Parameters: {"id"=>"1"}
  [4;35;1mPhrase Load (0.2ms)[0m   [0mSELECT * FROM "phrases" WHERE ("phrases"."id" = '1') LIMIT 1[0m
  [4;36;1mPhrase Destroy (0.3ms)[0m   [0;1mDELETE FROM "phrases" WHERE "id" = 1[0m
Completed in 8ms (View: 1, DB: 0) | 200 OK [http://scary/application/forget/1]


Processing ApplicationController#index (for 192.168.170.185 at 2012-06-11 13:20:30) [GET]
Rendering template within layouts/application
Rendering application/index
  [4;35;1mSound Load (0.4ms)[0m   [0mSELECT * FROM "sounds" [0m
  [4;36;1mPhrase Load (0.1ms)[0m   [0;1mSELECT * FROM "phrases" [0m
Completed in 9ms (View: 7, DB: 0) | 200 OK [http://scary/]


Processing ApplicationController#index (for 192.168.170.185 at 2012-06-11 13:21:22) [GET]
Rendering template within layouts/application
Rendering application/index
  [4;35;1mSound Load (0.4ms)[0m   [0mSELECT * FROM "sounds" [0m
  [4;36;1mPhrase Load (0.1ms)[0m   [0;1mSELECT * FROM "phrases" [0m
Completed in 14ms (View: 12, DB: 1) | 200 OK [http://scary/]


Processing ApplicationController#index (for 192.168.170.185 at 2012-06-11 13:21:22) [GET]

ActionController::RoutingError (No route matches "/images/falcor.png" with {:method=>:get}):
  

Rendering rescues/layout (not_found)


Processing ApplicationController#index (for 192.168.170.185 at 2012-06-11 13:22:10) [GET]
Rendering template within layouts/application
Rendering application/index
  [4;35;1mSound Load (0.4ms)[0m   [0mSELECT * FROM "sounds" [0m
  [4;36;1mPhrase Load (0.1ms)[0m   [0;1mSELECT * FROM "phrases" [0m
Completed in 75ms (View: 73, DB: 1) | 200 OK [http://scary/]


Processing ApplicationController#index (for 192.168.170.185 at 2012-06-11 13:22:11) [GET]

ActionController::RoutingError (No route matches "/images/falcor.png" with {:method=>:get}):
  

Rendering rescues/layout (not_found)


Processing ApplicationController#index (for 192.168.170.185 at 2012-06-11 13:22:22) [GET]
Rendering template within layouts/application
Rendering application/index
  [4;35;1mSound Load (0.4ms)[0m   [0mSELECT * FROM "sounds" [0m
  [4;36;1mPhrase Load (0.1ms)[0m   [0;1mSELECT * FROM "phrases" [0m
Completed in 11ms (View: 8, DB: 1) | 200 OK [http://scary/]


Processing ApplicationController#index (for 192.168.170.185 at 2012-06-11 13:22:22) [GET]

ActionController::RoutingError (No route matches "/images/falcor.png" with {:method=>:get}):
  

Rendering rescues/layout (not_found)


Processing ApplicationController#index (for 192.168.170.185 at 2012-06-11 13:22:27) [GET]
Rendering template within layouts/application
Rendering application/index
  [4;35;1mSound Load (0.4ms)[0m   [0mSELECT * FROM "sounds" [0m
  [4;36;1mPhrase Load (0.1ms)[0m   [0;1mSELECT * FROM "phrases" [0m
Completed in 10ms (View: 8, DB: 1) | 200 OK [http://scary/]


Processing ApplicationController#index (for 192.168.170.185 at 2012-06-11 13:22:28) [GET]

ActionController::RoutingError (No route matches "/images/falcor.png" with {:method=>:get}):
  

Rendering rescues/layout (not_found)


Processing ApplicationController#index (for 192.168.170.185 at 2012-06-11 13:22:31) [GET]
Rendering template within layouts/application
Rendering application/index
  [4;35;1mSound Load (0.4ms)[0m   [0mSELECT * FROM "sounds" [0m
  [4;36;1mPhrase Load (0.1ms)[0m   [0;1mSELECT * FROM "phrases" [0m
Completed in 11ms (View: 9, DB: 1) | 200 OK [http://scary/]


Processing ApplicationController#index (for 192.168.170.185 at 2012-06-11 13:22:32) [GET]

ActionController::RoutingError (No route matches "/images/falcor.png" with {:method=>:get}):
  

Rendering rescues/layout (not_found)


Processing ApplicationController#index (for 192.168.170.185 at 2012-06-11 13:22:43) [GET]
Rendering template within layouts/application
Rendering application/index
  [4;35;1mSound Load (0.4ms)[0m   [0mSELECT * FROM "sounds" [0m
  [4;36;1mPhrase Load (0.1ms)[0m   [0;1mSELECT * FROM "phrases" [0m
Completed in 10ms (View: 8, DB: 1) | 200 OK [http://scary/]


Processing ApplicationController#index (for 192.168.170.185 at 2012-06-11 13:23:32) [GET]
Rendering template within layouts/application
Rendering application/index
  [4;35;1mSound Load (0.4ms)[0m   [0mSELECT * FROM "sounds" [0m
  [4;36;1mPhrase Load (0.1ms)[0m   [0;1mSELECT * FROM "phrases" [0m
Completed in 14ms (View: 12, DB: 1) | 200 OK [http://scary/]


Processing ApplicationController#index (for 192.168.170.185 at 2012-06-11 13:23:46) [GET]
Rendering template within layouts/application
Rendering application/index
  [4;35;1mSound Load (0.4ms)[0m   [0mSELECT * FROM "sounds" [0m
  [4;36;1mPhrase Load (0.1ms)[0m   [0;1mSELECT * FROM "phrases" [0m
Completed in 15ms (View: 13, DB: 1) | 200 OK [http://scary/]


Processing ApplicationController#index (for 192.168.170.185 at 2012-06-11 13:25:13) [GET]
Rendering template within layouts/application
Rendering application/index
  [4;35;1mSound Load (0.4ms)[0m   [0mSELECT * FROM "sounds" [0m
  [4;36;1mPhrase Load (0.1ms)[0m   [0;1mSELECT * FROM "phrases" [0m
Completed in 15ms (View: 13, DB: 1) | 200 OK [http://scary/]


Processing ApplicationController#index (for 192.168.170.185 at 2012-06-11 13:25:17) [GET]
Rendering template within layouts/application
Rendering application/index
  [4;35;1mSound Load (0.4ms)[0m   [0mSELECT * FROM "sounds" [0m
  [4;36;1mPhrase Load (0.1ms)[0m   [0;1mSELECT * FROM "phrases" [0m
Completed in 10ms (View: 8, DB: 1) | 200 OK [http://scary/]


Processing ApplicationController#index (for 192.168.170.185 at 2012-06-11 13:26:10) [GET]
Rendering template within layouts/application
Rendering application/index
  [4;35;1mSound Load (0.4ms)[0m   [0mSELECT * FROM "sounds" [0m
  [4;36;1mPhrase Load (0.1ms)[0m   [0;1mSELECT * FROM "phrases" [0m
Completed in 9ms (View: 7, DB: 1) | 200 OK [http://scary/]


Processing ApplicationController#index (for 192.168.170.185 at 2012-06-11 13:26:57) [GET]
Rendering template within layouts/application
Rendering application/index
  [4;35;1mSound Load (0.4ms)[0m   [0mSELECT * FROM "sounds" [0m
  [4;36;1mPhrase Load (0.1ms)[0m   [0;1mSELECT * FROM "phrases" [0m
Completed in 9ms (View: 8, DB: 1) | 200 OK [http://scary/]


Processing ApplicationController#index (for 192.168.170.185 at 2012-06-11 13:27:57) [GET]
Rendering template within layouts/application
Rendering application/index
  [4;35;1mSound Load (0.4ms)[0m   [0mSELECT * FROM "sounds" [0m
  [4;36;1mPhrase Load (0.1ms)[0m   [0;1mSELECT * FROM "phrases" [0m
Completed in 9ms (View: 8, DB: 0) | 200 OK [http://scary/]


Processing ApplicationController#index (for 192.168.170.185 at 2012-06-11 13:28:17) [GET]
Rendering template within layouts/application
Rendering application/index
  [4;35;1mSound Load (0.4ms)[0m   [0mSELECT * FROM "sounds" [0m
  [4;36;1mPhrase Load (0.1ms)[0m   [0;1mSELECT * FROM "phrases" [0m
Completed in 10ms (View: 8, DB: 1) | 200 OK [http://scary/]


Processing ApplicationController#index (for 192.168.170.185 at 2012-06-11 13:28:35) [GET]
Rendering template within layouts/application
Rendering application/index
  [4;35;1mSound Load (0.4ms)[0m   [0mSELECT * FROM "sounds" [0m
  [4;36;1mPhrase Load (0.1ms)[0m   [0;1mSELECT * FROM "phrases" [0m
Completed in 9ms (View: 8, DB: 1) | 200 OK [http://scary/]


Processing ApplicationController#index (for 192.168.170.185 at 2012-06-11 13:28:53) [GET]
Rendering template within layouts/application
Rendering application/index
  [4;35;1mSound Load (0.4ms)[0m   [0mSELECT * FROM "sounds" [0m
  [4;36;1mPhrase Load (0.1ms)[0m   [0;1mSELECT * FROM "phrases" [0m
Completed in 9ms (View: 8, DB: 1) | 200 OK [http://scary/]


Processing ApplicationController#index (for 192.168.170.185 at 2012-06-11 13:29:36) [GET]
Rendering template within layouts/application
Rendering application/index
  [4;35;1mSound Load (0.4ms)[0m   [0mSELECT * FROM "sounds" [0m
  [4;36;1mPhrase Load (0.2ms)[0m   [0;1mSELECT * FROM "phrases" [0m
Completed in 11ms (View: 9, DB: 1) | 200 OK [http://scary/]


Processing ApplicationController#index (for 192.168.170.185 at 2012-06-11 13:29:46) [GET]
Rendering template within layouts/application
Rendering application/index
  [4;35;1mSound Load (0.5ms)[0m   [0mSELECT * FROM "sounds" [0m
  [4;36;1mPhrase Load (0.1ms)[0m   [0;1mSELECT * FROM "phrases" [0m
Completed in 10ms (View: 8, DB: 1) | 200 OK [http://scary/]


Processing ApplicationController#index (for 192.168.170.185 at 2012-06-11 13:30:00) [GET]
Rendering template within layouts/application
Rendering application/index
  [4;35;1mSound Load (0.4ms)[0m   [0mSELECT * FROM "sounds" [0m
  [4;36;1mPhrase Load (0.1ms)[0m   [0;1mSELECT * FROM "phrases" [0m
Completed in 10ms (View: 8, DB: 1) | 200 OK [http://scary/]


Processing ApplicationController#index (for 192.168.170.185 at 2012-06-11 13:30:22) [GET]

ActionController::RoutingError (No route matches "/images/Ruler.png" with {:method=>:get}):
  

Rendering rescues/layout (not_found)


Processing ApplicationController#index (for 192.168.170.185 at 2012-06-11 13:30:24) [GET]

ActionController::RoutingError (No route matches "/images/Ruler.png" with {:method=>:get}):
  

Rendering rescues/layout (not_found)


Processing ApplicationController#index (for 192.168.170.185 at 2012-06-11 13:30:48) [GET]
Rendering template within layouts/application
Rendering application/index
  [4;35;1mSound Load (0.4ms)[0m   [0mSELECT * FROM "sounds" [0m
  [4;36;1mPhrase Load (0.1ms)[0m   [0;1mSELECT * FROM "phrases" [0m
Completed in 9ms (View: 8, DB: 0) | 200 OK [http://scary/]


Processing ApplicationController#index (for 192.168.170.185 at 2012-06-11 13:31:01) [GET]
Rendering template within layouts/application
Rendering application/index
  [4;35;1mSound Load (0.4ms)[0m   [0mSELECT * FROM "sounds" [0m
  [4;36;1mPhrase Load (0.2ms)[0m   [0;1mSELECT * FROM "phrases" [0m
Completed in 10ms (View: 8, DB: 1) | 200 OK [http://scary/]


Processing ApplicationController#index (for 192.168.170.185 at 2012-06-11 13:31:20) [GET]
Rendering template within layouts/application
Rendering application/index
  [4;35;1mSound Load (0.4ms)[0m   [0mSELECT * FROM "sounds" [0m
  [4;36;1mPhrase Load (0.1ms)[0m   [0;1mSELECT * FROM "phrases" [0m
Completed in 10ms (View: 8, DB: 1) | 200 OK [http://scary/]


Processing ApplicationController#index (for 192.168.170.185 at 2012-06-11 13:31:21) [GET]
Rendering template within layouts/application
Rendering application/index
  [4;35;1mSound Load (0.4ms)[0m   [0mSELECT * FROM "sounds" [0m
  [4;36;1mPhrase Load (0.1ms)[0m   [0;1mSELECT * FROM "phrases" [0m
Completed in 10ms (View: 8, DB: 1) | 200 OK [http://scary/]


Processing ApplicationController#learn (for 192.168.170.185 at 2012-06-11 13:31:44) [POST]
  Parameters: {"label"=>"welcome", "submit"=>"Repeat after me", "phrase"=>"Welcome to Rawr Box!", "voice"=>"Whisper"}
  [4;35;1mPhrase Create (0.3ms)[0m   [0mINSERT INTO "phrases" ("label", "created_at", "phrase", "updated_at", "voice") VALUES('welcome', '2012-06-11 18:31:44', 'Welcome to Rawr Box!', '2012-06-11 18:31:44', 'Whisper')[0m
Redirected to http://scary/
Completed in 20ms (DB: 0) | 302 Found [http://scary/learn]


Processing ApplicationController#index (for 192.168.170.185 at 2012-06-11 13:31:44) [GET]
Rendering template within layouts/application
Rendering application/index
  [4;36;1mSound Load (0.4ms)[0m   [0;1mSELECT * FROM "sounds" [0m
  [4;35;1mPhrase Load (0.2ms)[0m   [0mSELECT * FROM "phrases" [0m
Completed in 12ms (View: 10, DB: 1) | 200 OK [http://scary/]


Processing ApplicationController#learn (for 192.168.170.185 at 2012-06-11 13:32:12) [POST]
  Parameters: {"label"=>"commit", "submit"=>"Repeat after me", "phrase"=>"Commit is in", "voice"=>"default"}
  [4;36;1mPhrase Create (0.3ms)[0m   [0;1mINSERT INTO "phrases" ("label", "created_at", "phrase", "updated_at", "voice") VALUES('commit', '2012-06-11 18:32:12', 'Commit is in', '2012-06-11 18:32:12', 'default')[0m
Redirected to http://scary/
Completed in 40ms (DB: 0) | 302 Found [http://scary/learn]


Processing ApplicationController#index (for 192.168.170.185 at 2012-06-11 13:32:12) [GET]
Rendering template within layouts/application
Rendering application/index
  [4;35;1mSound Load (0.4ms)[0m   [0mSELECT * FROM "sounds" [0m
  [4;36;1mPhrase Load (0.2ms)[0m   [0;1mSELECT * FROM "phrases" [0m
Completed in 13ms (View: 11, DB: 1) | 200 OK [http://scary/]


Processing ApplicationController#index (for 192.168.170.185 at 2012-06-11 13:34:29) [GET]
Rendering template within layouts/application
Rendering application/index
  [4;35;1mSound Load (0.4ms)[0m   [0mSELECT * FROM "sounds" [0m
  [4;36;1mPhrase Load (0.2ms)[0m   [0;1mSELECT * FROM "phrases" [0m
Completed in 14ms (View: 12, DB: 1) | 200 OK [http://scary/]


Processing ApplicationController#index (for 192.168.170.185 at 2012-06-11 13:34:40) [GET]
Rendering template within layouts/application
Rendering application/index
  [4;35;1mSound Load (0.4ms)[0m   [0mSELECT * FROM "sounds" [0m
  [4;36;1mPhrase Load (0.2ms)[0m   [0;1mSELECT * FROM "phrases" [0m
Completed in 13ms (View: 11, DB: 1) | 200 OK [http://scary/]


Processing ApplicationController#index (for 192.168.170.185 at 2012-06-11 13:35:03) [GET]
Rendering template within layouts/application
Rendering application/index
  [4;35;1mSound Load (0.4ms)[0m   [0mSELECT * FROM "sounds" [0m
  [4;36;1mPhrase Load (0.2ms)[0m   [0;1mSELECT * FROM "phrases" [0m
Completed in 14ms (View: 12, DB: 1) | 200 OK [http://scary/]


Processing ApplicationController#index (for 192.168.170.185 at 2012-06-11 13:35:33) [GET]
Rendering template within layouts/application
Rendering application/index
  [4;35;1mSound Load (0.4ms)[0m   [0mSELECT * FROM "sounds" [0m
  [4;36;1mPhrase Load (0.2ms)[0m   [0;1mSELECT * FROM "phrases" [0m
Completed in 13ms (View: 11, DB: 1) | 200 OK [http://scary/]


Processing ApplicationController#index (for 192.168.170.185 at 2012-06-11 13:35:54) [GET]
Rendering template within layouts/application
Rendering application/index
  [4;35;1mSound Load (0.4ms)[0m   [0mSELECT * FROM "sounds" [0m
  [4;36;1mPhrase Load (0.2ms)[0m   [0;1mSELECT * FROM "phrases" [0m
Completed in 13ms (View: 11, DB: 1) | 200 OK [http://scary/]


Processing ApplicationController#upload (for 192.168.170.185 at 2012-06-11 13:36:22) [POST]
  Parameters: {"label"=>"thunder", "submit"=>"Upload", "file"=>#<File:/tmp/RackMultipart20120611-43788-1pxt4vh-0>}
  [4;35;1mSound Create (0.4ms)[0m   [0mINSERT INTO "sounds" ("label", "created_at", "updated_at", "path", "filename") VALUES('thunder', '2012-06-11 18:36:22', '2012-06-11 18:36:22', '/Users/User/team/rawr-box/uploads/thunderclap.wav', 'thunderclap.wav')[0m
Redirected to http://scary/
Completed in 27ms (DB: 0) | 302 Found [http://scary/upload]


Processing ApplicationController#index (for 192.168.170.185 at 2012-06-11 13:36:22) [GET]
Rendering template within layouts/application
Rendering application/index
  [4;36;1mSound Load (0.5ms)[0m   [0;1mSELECT * FROM "sounds" [0m
  [4;35;1mPhrase Load (0.3ms)[0m   [0mSELECT * FROM "phrases" [0m
Completed in 91ms (View: 88, DB: 1) | 200 OK [http://scary/]


Processing ApplicationController#index (for 192.168.170.185 at 2012-06-11 13:37:10) [GET]
Rendering template within layouts/application
Rendering application/index
  [4;36;1mSound Load (0.4ms)[0m   [0;1mSELECT * FROM "sounds" [0m
  [4;35;1mPhrase Load (0.2ms)[0m   [0mSELECT * FROM "phrases" [0m
Completed in 20ms (View: 18, DB: 1) | 200 OK [http://scary/]


Processing ApplicationController#index (for 192.168.170.185 at 2012-06-11 13:37:39) [GET]
Rendering template within layouts/application
Rendering application/index
  [4;36;1mSound Load (0.4ms)[0m   [0;1mSELECT * FROM "sounds" [0m
  [4;35;1mPhrase Load (0.2ms)[0m   [0mSELECT * FROM "phrases" [0m
Completed in 26ms (View: 23, DB: 1) | 200 OK [http://scary/]


Processing ApplicationController#index (for 192.168.170.185 at 2012-06-11 13:37:57) [GET]
Rendering template within layouts/application
Rendering application/index
  [4;36;1mSound Load (0.5ms)[0m   [0;1mSELECT * FROM "sounds" [0m
  [4;35;1mPhrase Load (0.2ms)[0m   [0mSELECT * FROM "phrases" [0m
Completed in 21ms (View: 19, DB: 1) | 200 OK [http://scary/]


Processing ApplicationController#index (for 192.168.170.185 at 2012-06-11 13:37:58) [GET]
Rendering template within layouts/application
Rendering application/index
  [4;36;1mSound Load (0.4ms)[0m   [0;1mSELECT * FROM "sounds" [0m
  [4;35;1mPhrase Load (0.2ms)[0m   [0mSELECT * FROM "phrases" [0m
Completed in 15ms (View: 13, DB: 1) | 200 OK [http://scary/]


Processing ApplicationController#index (for 192.168.170.185 at 2012-06-11 13:38:06) [GET]
Rendering template within layouts/application
Rendering application/index
  [4;36;1mSound Load (0.4ms)[0m   [0;1mSELECT * FROM "sounds" [0m
  [4;35;1mPhrase Load (0.2ms)[0m   [0mSELECT * FROM "phrases" [0m
Completed in 77ms (View: 13, DB: 1) | 200 OK [http://scary/]


Processing ApplicationController#index (for 192.168.170.185 at 2012-06-11 13:38:16) [GET]
Rendering template within layouts/application
Rendering application/index
  [4;36;1mSound Load (0.6ms)[0m   [0;1mSELECT * FROM "sounds" [0m
  [4;35;1mPhrase Load (0.2ms)[0m   [0mSELECT * FROM "phrases" [0m
Completed in 15ms (View: 13, DB: 1) | 200 OK [http://scary/]


Processing ApplicationController#index (for 192.168.170.185 at 2012-06-11 13:38:31) [GET]
Rendering template within layouts/application
Rendering application/index
  [4;36;1mSound Load (0.4ms)[0m   [0;1mSELECT * FROM "sounds" [0m
  [4;35;1mPhrase Load (0.2ms)[0m   [0mSELECT * FROM "phrases" [0m
Completed in 15ms (View: 13, DB: 1) | 200 OK [http://scary/]


Processing ApplicationController#index (for 192.168.170.185 at 2012-06-11 13:39:05) [GET]
Rendering template within layouts/application
Rendering application/index
  [4;36;1mSound Load (0.7ms)[0m   [0;1mSELECT * FROM "sounds" [0m
  [4;35;1mPhrase Load (0.2ms)[0m   [0mSELECT * FROM "phrases" [0m
Completed in 15ms (View: 13, DB: 1) | 200 OK [http://scary/]


Processing ApplicationController#index (for 192.168.170.185 at 2012-06-11 13:39:13) [GET]
Rendering template within layouts/application
Rendering application/index
  [4;36;1mSound Load (0.4ms)[0m   [0;1mSELECT * FROM "sounds" [0m
  [4;35;1mPhrase Load (0.2ms)[0m   [0mSELECT * FROM "phrases" [0m
Completed in 15ms (View: 13, DB: 1) | 200 OK [http://scary/]


Processing ApplicationController#index (for 192.168.170.185 at 2012-06-11 13:39:30) [GET]
Rendering template within layouts/application
Rendering application/index
  [4;36;1mSound Load (0.4ms)[0m   [0;1mSELECT * FROM "sounds" [0m
  [4;35;1mPhrase Load (0.3ms)[0m   [0mSELECT * FROM "phrases" [0m
Completed in 73ms (View: 71, DB: 1) | 200 OK [http://scary/]


Processing ApplicationController#index (for 192.168.170.185 at 2012-06-11 13:40:06) [GET]
Rendering template within layouts/application
Rendering application/index
  [4;36;1mSound Load (0.5ms)[0m   [0;1mSELECT * FROM "sounds" [0m
  [4;35;1mPhrase Load (0.2ms)[0m   [0mSELECT * FROM "phrases" [0m
Completed in 16ms (View: 13, DB: 1) | 200 OK [http://scary/]


Processing ApplicationController#index (for 192.168.170.185 at 2012-06-11 13:40:19) [GET]

ActionController::RoutingError (No route matches "/images/Ruler.png" with {:method=>:get}):
  

Rendering rescues/layout (not_found)


Processing ApplicationController#index (for 192.168.170.185 at 2012-06-11 13:40:20) [GET]
Rendering template within layouts/application
Rendering application/index
  [4;36;1mSound Load (0.5ms)[0m   [0;1mSELECT * FROM "sounds" [0m
  [4;35;1mPhrase Load (0.2ms)[0m   [0mSELECT * FROM "phrases" [0m
Completed in 16ms (View: 14, DB: 1) | 200 OK [http://scary/]


Processing ApplicationController#index (for 192.168.170.185 at 2012-06-11 13:40:20) [GET]

ActionController::RoutingError (No route matches "/images/Ruler.png" with {:method=>:get}):
  

Rendering rescues/layout (not_found)


Processing ApplicationController#index (for 192.168.170.185 at 2012-06-11 13:40:24) [GET]
Rendering template within layouts/application
Rendering application/index
  [4;36;1mSound Load (0.5ms)[0m   [0;1mSELECT * FROM "sounds" [0m
  [4;35;1mPhrase Load (0.2ms)[0m   [0mSELECT * FROM "phrases" [0m
Completed in 15ms (View: 13, DB: 1) | 200 OK [http://scary/]


Processing ApplicationController#index (for 192.168.170.185 at 2012-06-11 13:40:39) [GET]
Rendering template within layouts/application
Rendering application/index
  [4;36;1mSound Load (0.4ms)[0m   [0;1mSELECT * FROM "sounds" [0m
  [4;35;1mPhrase Load (0.2ms)[0m   [0mSELECT * FROM "phrases" [0m
Completed in 16ms (View: 14, DB: 1) | 200 OK [http://scary/]


Processing ApplicationController#index (for 192.168.170.185 at 2012-06-11 13:40:48) [GET]
Rendering template within layouts/application
Rendering application/index
  [4;36;1mSound Load (0.4ms)[0m   [0;1mSELECT * FROM "sounds" [0m
  [4;35;1mPhrase Load (0.2ms)[0m   [0mSELECT * FROM "phrases" [0m
Completed in 15ms (View: 13, DB: 1) | 200 OK [http://scary/]


Processing ApplicationController#index (for 192.168.170.185 at 2012-06-11 13:41:04) [GET]
Rendering template within layouts/application
Rendering application/index
  [4;36;1mSound Load (0.5ms)[0m   [0;1mSELECT * FROM "sounds" [0m
  [4;35;1mPhrase Load (0.2ms)[0m   [0mSELECT * FROM "phrases" [0m
Completed in 17ms (View: 14, DB: 1) | 200 OK [http://scary/]


Processing ApplicationController#index (for 192.168.170.185 at 2012-06-11 13:41:05) [GET]
Rendering template within layouts/application
Rendering application/index
  [4;36;1mSound Load (0.4ms)[0m   [0;1mSELECT * FROM "sounds" [0m
  [4;35;1mPhrase Load (0.2ms)[0m   [0mSELECT * FROM "phrases" [0m
Completed in 15ms (View: 13, DB: 1) | 200 OK [http://scary/]


Processing ApplicationController#index (for 192.168.170.185 at 2012-06-11 13:41:13) [GET]
Rendering template within layouts/application
Rendering application/index
  [4;36;1mSound Load (0.4ms)[0m   [0;1mSELECT * FROM "sounds" [0m
  [4;35;1mPhrase Load (0.2ms)[0m   [0mSELECT * FROM "phrases" [0m
Completed in 16ms (View: 14, DB: 1) | 200 OK [http://scary/]


Processing ApplicationController#index (for 192.168.170.185 at 2012-06-11 13:41:30) [GET]
Rendering template within layouts/application
Rendering application/index
  [4;36;1mSound Load (0.4ms)[0m   [0;1mSELECT * FROM "sounds" [0m
  [4;35;1mPhrase Load (0.2ms)[0m   [0mSELECT * FROM "phrases" [0m
Completed in 15ms (View: 13, DB: 1) | 200 OK [http://scary/]


Processing ApplicationController#index (for 192.168.170.185 at 2012-06-11 13:41:57) [GET]
Rendering template within layouts/application
Rendering application/index
  [4;36;1mSound Load (0.4ms)[0m   [0;1mSELECT * FROM "sounds" [0m
  [4;35;1mPhrase Load (0.3ms)[0m   [0mSELECT * FROM "phrases" [0m
Completed in 75ms (View: 73, DB: 1) | 200 OK [http://scary/]


Processing ApplicationController#index (for 192.168.170.185 at 2012-06-11 13:42:08) [GET]
Rendering template within layouts/application
Rendering application/index
  [4;36;1mSound Load (0.4ms)[0m   [0;1mSELECT * FROM "sounds" [0m
  [4;35;1mPhrase Load (0.2ms)[0m   [0mSELECT * FROM "phrases" [0m
Completed in 17ms (View: 14, DB: 1) | 200 OK [http://scary/]


Processing ApplicationController#index (for 192.168.170.185 at 2012-06-11 13:42:15) [GET]
Rendering template within layouts/application
Rendering application/index
  [4;36;1mSound Load (0.5ms)[0m   [0;1mSELECT * FROM "sounds" [0m
  [4;35;1mPhrase Load (0.2ms)[0m   [0mSELECT * FROM "phrases" [0m
Completed in 16ms (View: 14, DB: 1) | 200 OK [http://scary/]


Processing ApplicationController#index (for 192.168.170.185 at 2012-06-11 13:44:27) [GET]
Rendering template within layouts/application
Rendering application/index
  [4;36;1mSound Load (0.5ms)[0m   [0;1mSELECT * FROM "sounds" [0m
  [4;35;1mPhrase Load (0.2ms)[0m   [0mSELECT * FROM "phrases" [0m
Completed in 15ms (View: 13, DB: 1) | 200 OK [http://scary/]


Processing ApplicationController#index (for 192.168.170.185 at 2012-06-11 13:44:41) [GET]
Rendering template within layouts/application
Rendering application/index
  [4;36;1mSound Load (0.4ms)[0m   [0;1mSELECT * FROM "sounds" [0m
  [4;35;1mPhrase Load (0.2ms)[0m   [0mSELECT * FROM "phrases" [0m
Completed in 15ms (View: 13, DB: 1) | 200 OK [http://scary/]


Processing ApplicationController#index (for 192.168.170.185 at 2012-06-11 13:45:25) [GET]
Rendering template within layouts/application
Rendering application/index
  [4;36;1mSound Load (0.4ms)[0m   [0;1mSELECT * FROM "sounds" [0m
  [4;35;1mPhrase Load (0.2ms)[0m   [0mSELECT * FROM "phrases" [0m
Completed in 20ms (View: 17, DB: 1) | 200 OK [http://scary/]


Processing ApplicationController#index (for 192.168.170.185 at 2012-06-11 13:45:48) [GET]
Rendering template within layouts/application
Rendering application/index
  [4;36;1mSound Load (0.4ms)[0m   [0;1mSELECT * FROM "sounds" [0m
  [4;35;1mPhrase Load (0.2ms)[0m   [0mSELECT * FROM "phrases" [0m
Completed in 15ms (View: 13, DB: 1) | 200 OK [http://scary/]


Processing ApplicationController#index (for 192.168.170.185 at 2012-06-11 13:46:58) [GET]
Rendering template within layouts/application
Rendering application/index
  [4;36;1mSound Load (0.5ms)[0m   [0;1mSELECT * FROM "sounds" [0m
  [4;35;1mPhrase Load (0.2ms)[0m   [0mSELECT * FROM "phrases" [0m
Completed in 17ms (View: 15, DB: 1) | 200 OK [http://scary/]


Processing ApplicationController#index (for 192.168.170.185 at 2012-06-11 13:48:13) [GET]
Rendering template within layouts/application
Rendering application/index
  [4;36;1mSound Load (0.5ms)[0m   [0;1mSELECT * FROM "sounds" [0m
  [4;35;1mPhrase Load (0.2ms)[0m   [0mSELECT * FROM "phrases" [0m
Completed in 16ms (View: 14, DB: 1) | 200 OK [http://scary/]


Processing ApplicationController#index (for 192.168.170.185 at 2012-06-11 13:48:15) [GET]
Rendering template within layouts/application
Rendering application/index
  [4;36;1mSound Load (0.5ms)[0m   [0;1mSELECT * FROM "sounds" [0m
  [4;35;1mPhrase Load (0.2ms)[0m   [0mSELECT * FROM "phrases" [0m
Completed in 17ms (View: 15, DB: 1) | 200 OK [http://scary/]


Processing ApplicationController#index (for 192.168.170.185 at 2012-06-11 13:48:33) [GET]
Rendering template within layouts/application
Rendering application/index
  [4;36;1mSound Load (0.5ms)[0m   [0;1mSELECT * FROM "sounds" [0m
  [4;35;1mPhrase Load (0.3ms)[0m   [0mSELECT * FROM "phrases" [0m
Completed in 18ms (View: 15, DB: 1) | 200 OK [http://scary/]


Processing ApplicationController#index (for 192.168.170.185 at 2012-06-11 13:48:53) [GET]
Rendering template within layouts/application
Rendering application/index
  [4;36;1mSound Load (0.4ms)[0m   [0;1mSELECT * FROM "sounds" [0m
  [4;35;1mPhrase Load (0.2ms)[0m   [0mSELECT * FROM "phrases" [0m
Completed in 15ms (View: 13, DB: 1) | 200 OK [http://scary/]


Processing ApplicationController#index (for 192.168.170.185 at 2012-06-11 13:48:54) [GET]

ActionController::RoutingError (No route matches "/images/Ruler.png" with {:method=>:get}):
  

Rendering rescues/layout (not_found)


Processing ApplicationController#index (for 192.168.170.185 at 2012-06-11 13:49:11) [GET]
Rendering template within layouts/application
Rendering application/index
  [4;36;1mSound Load (0.5ms)[0m   [0;1mSELECT * FROM "sounds" [0m
  [4;35;1mPhrase Load (0.2ms)[0m   [0mSELECT * FROM "phrases" [0m
Completed in 17ms (View: 15, DB: 1) | 200 OK [http://scary/]


Processing ApplicationController#index (for 192.168.170.185 at 2012-06-11 13:49:28) [GET]
Rendering template within layouts/application
Rendering application/index
  [4;36;1mSound Load (0.5ms)[0m   [0;1mSELECT * FROM "sounds" [0m
  [4;35;1mPhrase Load (0.2ms)[0m   [0mSELECT * FROM "phrases" [0m
Completed in 16ms (View: 14, DB: 1) | 200 OK [http://scary/]


Processing ApplicationController#index (for 192.168.170.185 at 2012-06-11 13:49:38) [GET]
Rendering template within layouts/application
Rendering application/index
  [4;36;1mSound Load (0.4ms)[0m   [0;1mSELECT * FROM "sounds" [0m
  [4;35;1mPhrase Load (0.2ms)[0m   [0mSELECT * FROM "phrases" [0m
Completed in 16ms (View: 14, DB: 1) | 200 OK [http://scary/]


Processing ApplicationController#index (for 192.168.170.185 at 2012-06-11 13:49:49) [GET]

ActionController::RoutingError (No route matches "/images/Ruler.png" with {:method=>:get}):
  

Rendering rescues/layout (not_found)


Processing ApplicationController#index (for 192.168.170.185 at 2012-06-11 13:49:57) [GET]
Rendering template within layouts/application
Rendering application/index
  [4;36;1mSound Load (0.5ms)[0m   [0;1mSELECT * FROM "sounds" [0m
  [4;35;1mPhrase Load (0.2ms)[0m   [0mSELECT * FROM "phrases" [0m
Completed in 16ms (View: 14, DB: 1) | 200 OK [http://scary/]


Processing ApplicationController#index (for 192.168.170.185 at 2012-06-11 13:50:03) [GET]
Rendering template within layouts/application
Rendering application/index
  [4;36;1mSound Load (0.4ms)[0m   [0;1mSELECT * FROM "sounds" [0m
  [4;35;1mPhrase Load (0.2ms)[0m   [0mSELECT * FROM "phrases" [0m
Completed in 16ms (View: 14, DB: 1) | 200 OK [http://scary/]


Processing ApplicationController#index (for 192.168.170.185 at 2012-06-11 13:50:12) [GET]
Rendering template within layouts/application
Rendering application/index
  [4;36;1mSound Load (0.4ms)[0m   [0;1mSELECT * FROM "sounds" [0m
  [4;35;1mPhrase Load (0.2ms)[0m   [0mSELECT * FROM "phrases" [0m
Completed in 16ms (View: 13, DB: 1) | 200 OK [http://scary/]


Processing ApplicationController#index (for 192.168.170.185 at 2012-06-11 13:50:27) [GET]
Rendering template within layouts/application
Rendering application/index
  [4;36;1mSound Load (0.4ms)[0m   [0;1mSELECT * FROM "sounds" [0m
  [4;35;1mPhrase Load (0.2ms)[0m   [0mSELECT * FROM "phrases" [0m
Completed in 16ms (View: 14, DB: 1) | 200 OK [http://scary/]


Processing ApplicationController#index (for 192.168.170.185 at 2012-06-11 13:50:37) [GET]
Rendering template within layouts/application
Rendering application/index
  [4;36;1mSound Load (0.4ms)[0m   [0;1mSELECT * FROM "sounds" [0m
  [4;35;1mPhrase Load (0.2ms)[0m   [0mSELECT * FROM "phrases" [0m
Completed in 17ms (View: 15, DB: 1) | 200 OK [http://scary/]


Processing ApplicationController#index (for 192.168.170.185 at 2012-06-11 13:50:43) [GET]
Rendering template within layouts/application
Rendering application/index
  [4;36;1mSound Load (0.4ms)[0m   [0;1mSELECT * FROM "sounds" [0m
  [4;35;1mPhrase Load (0.5ms)[0m   [0mSELECT * FROM "phrases" [0m
Completed in 16ms (View: 14, DB: 1) | 200 OK [http://scary/]


Processing ApplicationController#index (for 192.168.170.185 at 2012-06-11 13:51:32) [GET]
Rendering template within layouts/application
Rendering application/index
  [4;36;1mSound Load (0.6ms)[0m   [0;1mSELECT * FROM "sounds" [0m
  [4;35;1mPhrase Load (0.2ms)[0m   [0mSELECT * FROM "phrases" [0m
Completed in 16ms (View: 14, DB: 1) | 200 OK [http://scary/]


Processing ApplicationController#index (for 192.168.170.185 at 2012-06-11 13:52:00) [GET]
Rendering template within layouts/application
Rendering application/index
  [4;36;1mSound Load (0.5ms)[0m   [0;1mSELECT * FROM "sounds" [0m
  [4;35;1mPhrase Load (0.3ms)[0m   [0mSELECT * FROM "phrases" [0m
Completed in 18ms (View: 16, DB: 1) | 200 OK [http://scary/]


Processing ApplicationController#index (for 192.168.170.185 at 2012-06-11 13:52:09) [GET]
Rendering template within layouts/application
Rendering application/index
  [4;36;1mSound Load (0.4ms)[0m   [0;1mSELECT * FROM "sounds" [0m
  [4;35;1mPhrase Load (0.2ms)[0m   [0mSELECT * FROM "phrases" [0m
Completed in 15ms (View: 13, DB: 1) | 200 OK [http://scary/]


Processing ApplicationController#index (for 192.168.170.185 at 2012-06-11 13:53:14) [GET]
Rendering template within layouts/application
Rendering application/index
  [4;36;1mSound Load (0.4ms)[0m   [0;1mSELECT * FROM "sounds" [0m
  [4;35;1mPhrase Load (0.2ms)[0m   [0mSELECT * FROM "phrases" [0m
Completed in 16ms (View: 14, DB: 1) | 200 OK [http://scary/]


Processing ApplicationController#index (for 192.168.170.185 at 2012-06-11 13:53:34) [GET]
Rendering template within layouts/application
Rendering application/index
  [4;36;1mSound Load (0.4ms)[0m   [0;1mSELECT * FROM "sounds" [0m
  [4;35;1mPhrase Load (0.2ms)[0m   [0mSELECT * FROM "phrases" [0m
Completed in 15ms (View: 13, DB: 1) | 200 OK [http://scary/]


Processing ApplicationController#index (for 192.168.170.185 at 2012-06-11 13:53:45) [GET]
Rendering template within layouts/application
Rendering application/index
  [4;36;1mSound Load (0.5ms)[0m   [0;1mSELECT * FROM "sounds" [0m
  [4;35;1mPhrase Load (0.2ms)[0m   [0mSELECT * FROM "phrases" [0m
Completed in 74ms (View: 72, DB: 1) | 200 OK [http://scary/]


Processing ApplicationController#index (for 192.168.170.185 at 2012-06-11 13:53:47) [GET]
Rendering template within layouts/application
Rendering application/index
  [4;36;1mSound Load (0.4ms)[0m   [0;1mSELECT * FROM "sounds" [0m
  [4;35;1mPhrase Load (0.2ms)[0m   [0mSELECT * FROM "phrases" [0m
Completed in 15ms (View: 13, DB: 1) | 200 OK [http://scary/]


Processing ApplicationController#index (for 192.168.170.185 at 2012-06-11 13:54:18) [GET]
Rendering template within layouts/application
Rendering application/index
  [4;36;1mSound Load (0.5ms)[0m   [0;1mSELECT * FROM "sounds" [0m
  [4;35;1mPhrase Load (0.2ms)[0m   [0mSELECT * FROM "phrases" [0m
Completed in 16ms (View: 14, DB: 1) | 200 OK [http://scary/]


Processing ApplicationController#index (for 192.168.170.185 at 2012-06-11 13:54:31) [GET]
Rendering template within layouts/application
Rendering application/index
  [4;36;1mSound Load (0.5ms)[0m   [0;1mSELECT * FROM "sounds" [0m
  [4;35;1mPhrase Load (0.2ms)[0m   [0mSELECT * FROM "phrases" [0m
Completed in 15ms (View: 13, DB: 1) | 200 OK [http://scary/]


Processing ApplicationController#index (for 192.168.170.185 at 2012-06-11 13:54:32) [GET]
Rendering template within layouts/application
Rendering application/index
  [4;36;1mSound Load (0.4ms)[0m   [0;1mSELECT * FROM "sounds" [0m
  [4;35;1mPhrase Load (0.3ms)[0m   [0mSELECT * FROM "phrases" [0m
Completed in 16ms (View: 14, DB: 1) | 200 OK [http://scary/]


Processing ApplicationController#index (for 192.168.170.185 at 2012-06-11 13:54:39) [GET]
Rendering template within layouts/application
Rendering application/index
  [4;36;1mSound Load (0.4ms)[0m   [0;1mSELECT * FROM "sounds" [0m
  [4;35;1mPhrase Load (0.3ms)[0m   [0mSELECT * FROM "phrases" [0m
Completed in 74ms (View: 72, DB: 1) | 200 OK [http://scary/]


Processing ApplicationController#index (for 192.168.170.185 at 2012-06-11 13:55:08) [GET]
Rendering template within layouts/application
Rendering application/index
  [4;36;1mSound Load (0.5ms)[0m   [0;1mSELECT * FROM "sounds" [0m
  [4;35;1mPhrase Load (0.2ms)[0m   [0mSELECT * FROM "phrases" [0m
Completed in 16ms (View: 14, DB: 1) | 200 OK [http://scary/]


Processing ApplicationController#index (for 192.168.170.185 at 2012-06-11 13:58:05) [GET]
Rendering template within layouts/application
Rendering application/index
  [4;36;1mSound Load (0.5ms)[0m   [0;1mSELECT * FROM "sounds" [0m
  [4;35;1mPhrase Load (0.2ms)[0m   [0mSELECT * FROM "phrases" [0m
Completed in 20ms (View: 17, DB: 1) | 200 OK [http://scary/]


Processing ApplicationController#index (for 192.168.170.185 at 2012-06-11 13:58:19) [GET]
Rendering template within layouts/application
Rendering application/index
  [4;36;1mSound Load (0.4ms)[0m   [0;1mSELECT * FROM "sounds" [0m
  [4;35;1mPhrase Load (0.2ms)[0m   [0mSELECT * FROM "phrases" [0m
Completed in 16ms (View: 14, DB: 1) | 200 OK [http://scary/]


Processing ApplicationController#index (for 192.168.170.185 at 2012-06-11 14:00:32) [GET]
Rendering template within layouts/application
Rendering application/index
  [4;36;1mSound Load (0.5ms)[0m   [0;1mSELECT * FROM "sounds" [0m
  [4;35;1mPhrase Load (0.2ms)[0m   [0mSELECT * FROM "phrases" [0m
Completed in 20ms (View: 18, DB: 1) | 200 OK [http://scary/]


Processing ApplicationController#index (for 192.168.170.185 at 2012-06-11 14:01:00) [GET]
Rendering template within layouts/application
Rendering application/index
  [4;36;1mSound Load (0.4ms)[0m   [0;1mSELECT * FROM "sounds" [0m
  [4;35;1mPhrase Load (0.3ms)[0m   [0mSELECT * FROM "phrases" [0m
Completed in 77ms (View: 75, DB: 1) | 200 OK [http://scary/]


Processing ApplicationController#index (for 192.168.170.185 at 2012-06-11 14:01:09) [GET]
Rendering template within layouts/application
Rendering application/index
  [4;36;1mSound Load (0.4ms)[0m   [0;1mSELECT * FROM "sounds" [0m
  [4;35;1mPhrase Load (0.2ms)[0m   [0mSELECT * FROM "phrases" [0m
Completed in 16ms (View: 14, DB: 1) | 200 OK [http://scary/]


Processing ApplicationController#index (for 192.168.170.185 at 2012-06-11 14:01:09) [GET]

ActionController::RoutingError (No route matches "/images/Ruler.png" with {:method=>:get}):
  

Rendering rescues/layout (not_found)


Processing ApplicationController#index (for 192.168.170.185 at 2012-06-11 14:01:13) [GET]
Rendering template within layouts/application
Rendering application/index
  [4;36;1mSound Load (0.4ms)[0m   [0;1mSELECT * FROM "sounds" [0m
  [4;35;1mPhrase Load (0.2ms)[0m   [0mSELECT * FROM "phrases" [0m
Completed in 17ms (View: 14, DB: 1) | 200 OK [http://scary/]


Processing ApplicationController#index (for 192.168.170.185 at 2012-06-11 14:01:21) [GET]
Rendering template within layouts/application
Rendering application/index
  [4;36;1mSound Load (0.4ms)[0m   [0;1mSELECT * FROM "sounds" [0m
  [4;35;1mPhrase Load (0.2ms)[0m   [0mSELECT * FROM "phrases" [0m
Completed in 15ms (View: 13, DB: 1) | 200 OK [http://scary/]


Processing ApplicationController#index (for 192.168.170.185 at 2012-06-11 14:01:21) [GET]

ActionController::RoutingError (No route matches "/images/Ruler.png" with {:method=>:get}):
  

Rendering rescues/layout (not_found)


Processing ApplicationController#index (for 192.168.170.185 at 2012-06-11 14:01:30) [GET]
Rendering template within layouts/application
Rendering application/index
  [4;36;1mSound Load (0.5ms)[0m   [0;1mSELECT * FROM "sounds" [0m
  [4;35;1mPhrase Load (0.2ms)[0m   [0mSELECT * FROM "phrases" [0m
Completed in 73ms (View: 71, DB: 1) | 200 OK [http://scary/]


Processing ApplicationController#index (for 192.168.170.185 at 2012-06-11 14:01:42) [GET]
Rendering template within layouts/application
Rendering application/index
  [4;36;1mSound Load (0.5ms)[0m   [0;1mSELECT * FROM "sounds" [0m
  [4;35;1mPhrase Load (0.2ms)[0m   [0mSELECT * FROM "phrases" [0m
Completed in 16ms (View: 14, DB: 1) | 200 OK [http://scary/]


Processing ApplicationController#index (for 192.168.170.185 at 2012-06-11 14:01:55) [GET]
Rendering template within layouts/application
Rendering application/index
  [4;36;1mSound Load (0.4ms)[0m   [0;1mSELECT * FROM "sounds" [0m
  [4;35;1mPhrase Load (0.2ms)[0m   [0mSELECT * FROM "phrases" [0m
Completed in 20ms (View: 18, DB: 1) | 200 OK [http://scary/]


Processing ApplicationController#index (for 192.168.170.185 at 2012-06-11 14:02:10) [GET]
Rendering template within layouts/application
Rendering application/index
  [4;36;1mSound Load (0.4ms)[0m   [0;1mSELECT * FROM "sounds" [0m
  [4;35;1mPhrase Load (0.2ms)[0m   [0mSELECT * FROM "phrases" [0m
Completed in 18ms (View: 16, DB: 1) | 200 OK [http://scary/]


Processing ApplicationController#index (for 192.168.170.185 at 2012-06-11 14:04:19) [GET]

ActionController::RoutingError (No route matches "/images/Ruler.png" with {:method=>:get}):
  

Rendering rescues/layout (not_found)
  [4;36;1mSQL (0.6ms)[0m   [0;1m SELECT name
 FROM sqlite_master
 WHERE type = 'table' AND NOT name = 'sqlite_sequence'
[0m
  [4;35;1mSQL (0.1ms)[0m   [0mSELECT version FROM schema_migrations[0m
Migrating to AddSound (20120607211738)
Migrating to AddFileName (20120607212159)
Migrating to AddAudioDirectory (20120608135413)
Migrating to AddPhrase (20120608140129)
Migrating to AddDelayedJobs (20120608194041)
  [4;36;1mSQL (0.1ms)[0m   [0;1mselect sqlite_version(*)[0m
  [4;35;1mSQL (0.2ms)[0m   [0m SELECT name
 FROM sqlite_master
 WHERE type = 'table' AND NOT name = 'sqlite_sequence'
[0m
  [4;36;1mSQL (0.1ms)[0m   [0;1mSELECT version FROM schema_migrations[0m
  [4;35;1mSQL (0.1ms)[0m   [0m SELECT name
 FROM sqlite_master
 WHERE type = 'table' AND NOT name = 'sqlite_sequence'
[0m
  [4;36;1mSQL (0.0ms)[0m   [0;1mPRAGMA index_list("delayed_jobs")[0m
  [4;35;1mSQL (0.0ms)[0m   [0mPRAGMA index_list("phrases")[0m
  [4;36;1mSQL (0.0ms)[0m   [0;1mPRAGMA index_list("sounds")[0m
  [4;36;1mSound Load (0.6ms)[0m   [0;1mSELECT * FROM "sounds" ORDER BY sounds.id DESC LIMIT 1[0m
  [4;35;1mSQL (0.2ms)[0m   [0mSELECT count(*) AS count_all FROM "sounds" [0m
  [4;36;1mSound Load (0.2ms)[0m   [0;1mSELECT * FROM "sounds" WHERE ("sounds"."id" = 2) [0m
  [4;36;1mSQL (0.1ms)[0m   [0;1mSELECT count(*) AS count_all FROM "sounds" [0m


Processing ApplicationController#index (for 192.168.170.185 at 2012-06-11 15:30:04) [GET]
Rendering template within layouts/application
Rendering application/index
  [4;36;1mSound Load (0.7ms)[0m   [0;1mSELECT * FROM "sounds" [0m
  [4;35;1mPhrase Load (0.3ms)[0m   [0mSELECT * FROM "phrases" [0m
Completed in 39ms (View: 36, DB: 1) | 200 OK [http://scary/]


Processing ApplicationController#upload (for 192.168.170.185 at 2012-06-11 15:30:12) [POST]
  Parameters: {"label"=>"crap", "submit"=>"Upload", "file"=>#<File:/tmp/RackMultipart20120611-44851-1nzhjfh-0>}
  [4;36;1mSound Create (0.5ms)[0m   [0;1mINSERT INTO "sounds" ("label", "created_at", "updated_at", "path", "filename") VALUES('crap', '2012-06-11 20:30:12', '2012-06-11 20:30:12', '/Users/User/team/rawr-box/uploads/aw_crap.wav', 'aw_crap.wav')[0m
Redirected to http://scary/
Completed in 24ms (DB: 1) | 302 Found [http://scary/upload]


Processing ApplicationController#index (for 192.168.170.185 at 2012-06-11 15:30:12) [GET]
Rendering template within layouts/application
Rendering application/index
  [4;35;1mSound Load (0.5ms)[0m   [0mSELECT * FROM "sounds" [0m
  [4;36;1mPhrase Load (0.3ms)[0m   [0;1mSELECT * FROM "phrases" [0m
Completed in 20ms (View: 17, DB: 1) | 200 OK [http://scary/]


Processing ApplicationController#play (for 192.168.170.185 at 2012-06-11 15:30:29) [POST]
  Parameters: {"id"=>"2"}
  [4;35;1mSound Load (0.2ms)[0m   [0mSELECT * FROM "sounds" WHERE ("sounds"."id" = '2') LIMIT 1[0m
  [4;36;1mDelayed::Backend::ActiveRecord::Job Create (0.4ms)[0m   [0;1mINSERT INTO "delayed_jobs" ("failed_at", "locked_by", "created_at", "handler", "updated_at", "priority", "run_at", "attempts", "locked_at", "last_error") VALUES(NULL, NULL, '2012-06-11 20:30:29', '--- !ruby/struct:Delayed::PerformableMethod 
object: LOAD;Sound;2
method: :play
args: []

', '2012-06-11 20:30:29', 0, '2012-06-11 20:30:29', 0, NULL, NULL)[0m
Completed in 57ms (View: 1, DB: 1) | 200 OK [http://scary/application/play/2]


Processing ApplicationController#play (for 192.168.170.185 at 2012-06-11 15:30:29) [POST]
  Parameters: {"id"=>"2"}
  [4;35;1mSound Load (0.2ms)[0m   [0mSELECT * FROM "sounds" WHERE ("sounds"."id" = '2') LIMIT 1[0m
  [4;36;1mDelayed::Backend::ActiveRecord::Job Create (0.3ms)[0m   [0;1mINSERT INTO "delayed_jobs" ("failed_at", "locked_by", "created_at", "handler", "updated_at", "priority", "run_at", "attempts", "locked_at", "last_error") VALUES(NULL, NULL, '2012-06-11 20:30:29', '--- !ruby/struct:Delayed::PerformableMethod 
object: LOAD;Sound;2
method: :play
args: []

', '2012-06-11 20:30:29', 0, '2012-06-11 20:30:29', 0, NULL, NULL)[0m
Completed in 11ms (View: 1, DB: 1) | 200 OK [http://scary/application/play/2]


Processing ApplicationController#delete (for 192.168.170.185 at 2012-06-11 15:30:30) [POST]
  Parameters: {"id"=>"2"}
  [4;35;1mSound Load (0.2ms)[0m   [0mSELECT * FROM "sounds" WHERE ("sounds"."id" = '2') LIMIT 1[0m
  [4;36;1mSound Destroy (0.6ms)[0m   [0;1mDELETE FROM "sounds" WHERE "id" = 2[0m
Completed in 20ms (View: 1, DB: 1) | 200 OK [http://scary/application/delete/2]


Processing ApplicationController#index (for 192.168.170.185 at 2012-06-11 15:30:30) [GET]
Rendering template within layouts/application
Rendering application/index
  [4;35;1mSound Load (0.5ms)[0m   [0mSELECT * FROM "sounds" [0m
  [4;36;1mPhrase Load (0.2ms)[0m   [0;1mSELECT * FROM "phrases" [0m
Completed in 17ms (View: 15, DB: 1) | 200 OK [http://scary/]
  [4;36;1mDelayed::Backend::ActiveRecord::Job Update (2.1ms)[0m   [0;1mUPDATE "delayed_jobs" SET locked_at = '2012-06-11 20:30:33', locked_by = 'delayed_job host:scary.spice.spiceworks.com pid:44850' WHERE (id = 2 and (locked_at is null or locked_at < '2012-06-11 16:30:33') and (run_at <= '2012-06-11 20:30:33')) [0m
  [4;35;1mSound Load (0.2ms)[0m   [0mSELECT * FROM "sounds" WHERE ("sounds"."id" = 2) [0m
  [4;36;1mDelayed::Backend::ActiveRecord::Job Destroy (0.2ms)[0m   [0;1mDELETE FROM "delayed_jobs" WHERE "id" = 2[0m
  [4;35;1mDelayed::Backend::ActiveRecord::Job Update (1.7ms)[0m   [0mUPDATE "delayed_jobs" SET locked_at = '2012-06-11 20:30:33', locked_by = 'delayed_job host:scary.spice.spiceworks.com pid:44850' WHERE (id = 3 and (locked_at is null or locked_at < '2012-06-11 16:30:33') and (run_at <= '2012-06-11 20:30:33')) [0m
  [4;36;1mSound Load (0.2ms)[0m   [0;1mSELECT * FROM "sounds" WHERE ("sounds"."id" = 2) [0m
  [4;35;1mDelayed::Backend::ActiveRecord::Job Destroy (0.2ms)[0m   [0mDELETE FROM "delayed_jobs" WHERE "id" = 3[0m


Processing ApplicationController#delete (for 192.168.170.185 at 2012-06-11 15:31:16) [POST]
  Parameters: {"id"=>"1"}
  [4;35;1mSound Load (0.2ms)[0m   [0mSELECT * FROM "sounds" WHERE ("sounds"."id" = '1') LIMIT 1[0m
  [4;36;1mSound Destroy (1.1ms)[0m   [0;1mDELETE FROM "sounds" WHERE "id" = 1[0m
Completed in 21ms (View: 1, DB: 1) | 200 OK [http://scary/application/delete/1]


Processing ApplicationController#index (for 192.168.170.185 at 2012-06-11 15:31:16) [GET]
Rendering template within layouts/application
Rendering application/index
  [4;35;1mSound Load (0.4ms)[0m   [0mSELECT * FROM "sounds" [0m
  [4;36;1mPhrase Load (0.2ms)[0m   [0;1mSELECT * FROM "phrases" [0m
Completed in 106ms (View: 104, DB: 1) | 200 OK [http://scary/]


Processing ApplicationController#upload (for 192.168.170.185 at 2012-06-11 15:31:39) [POST]
  Parameters: {"label"=>"thunder", "submit"=>"Upload", "file"=>#<File:/tmp/RackMultipart20120611-44851-ubuw3b-0>}
  [4;35;1mSound Create (0.4ms)[0m   [0mINSERT INTO "sounds" ("label", "created_at", "updated_at", "path", "filename") VALUES('thunder', '2012-06-11 20:31:39', '2012-06-11 20:31:39', '/Users/User/team/rawr-box/uploads/thunderclap.wav', 'thunderclap.wav')[0m
Redirected to http://scary/
Completed in 32ms (DB: 0) | 302 Found [http://scary/upload]


Processing ApplicationController#index (for 192.168.170.185 at 2012-06-11 15:31:39) [GET]
Rendering template within layouts/application
Rendering application/index
  [4;36;1mSound Load (0.5ms)[0m   [0;1mSELECT * FROM "sounds" [0m
  [4;35;1mPhrase Load (0.2ms)[0m   [0mSELECT * FROM "phrases" [0m
Completed in 18ms (View: 16, DB: 1) | 200 OK [http://scary/]


Processing ApplicationController#play (for 192.168.170.185 at 2012-06-11 15:31:41) [POST]
  Parameters: {"id"=>"3"}
  [4;36;1mSound Load (0.2ms)[0m   [0;1mSELECT * FROM "sounds" WHERE ("sounds"."id" = '3') LIMIT 1[0m
  [4;35;1mDelayed::Backend::ActiveRecord::Job Create (0.3ms)[0m   [0mINSERT INTO "delayed_jobs" ("failed_at", "locked_by", "created_at", "handler", "updated_at", "priority", "run_at", "attempts", "locked_at", "last_error") VALUES(NULL, NULL, '2012-06-11 20:31:41', '--- !ruby/struct:Delayed::PerformableMethod 
object: LOAD;Sound;3
method: :play
args: []

', '2012-06-11 20:31:41', 0, '2012-06-11 20:31:41', 0, NULL, NULL)[0m
Completed in 11ms (View: 1, DB: 1) | 200 OK [http://scary/application/play/3]
  [4;36;1mDelayed::Backend::ActiveRecord::Job Update (1.6ms)[0m   [0;1mUPDATE "delayed_jobs" SET locked_at = '2012-06-11 20:31:43', locked_by = 'delayed_job host:scary.spice.spiceworks.com pid:44850' WHERE (id = 4 and (locked_at is null or locked_at < '2012-06-11 16:31:43') and (run_at <= '2012-06-11 20:31:43')) [0m
  [4;35;1mSound Load (0.2ms)[0m   [0mSELECT * FROM "sounds" WHERE ("sounds"."id" = 3) [0m
  [4;36;1mDelayed::Backend::ActiveRecord::Job Destroy (0.4ms)[0m   [0;1mDELETE FROM "delayed_jobs" WHERE "id" = 4[0m
